<?xml version="1.0" encoding="UTF-8"?>
<!-- Generated by org.testng.reporters.JUnitXMLReporter -->
<testsuite hostname="Rtys-MacBook-Pro.local" ignored="0" name="HubSpot Sanity Test" tests="3" failures="0" timestamp="21 Nov 2019 02:31:59 GMT" time="39.027" errors="0">
  <testcase name="verifyHomePageHeader" time="0.032" classname="com.hubspot.tests.HomePageTest"/>
  <testcase name="verifyHomePageTitle" time="0.006" classname="com.hubspot.tests.HomePageTest"/>
  <testcase name="verifyUserInfo" time="0.025" classname="com.hubspot.tests.HomePageTest"/>
</testsuite> <!-- HubSpot Sanity Test -->
